1770623868322	geckodriver	INFO	Listening on 127.0.0.1:58482
1770623871457	mozrunner::runner	INFO	Running command: "C:\\Program Files\\Mozilla Firefox\\firefox.exe" "--marionette" "--remote-debugging-port" "58483" "--remote-allow-hosts" "localhost" "-no-remote" "-profile" "C:\\Users\\HORVAT~1\\AppData\\Local\\Temp\\rust_mozprofileduXMN4"
console.warn: services.settings: Ignoring preference override of remote settings server
console.warn: services.settings: Allow by setting MOZ_REMOTE_SETTINGS_DEVTOOLS=1 in the environment
Dynamically enable window occlusion 0
1770623871756	Marionette	INFO	Marionette enabled
1770623871854	Marionette	INFO	Listening on port 57148
WebDriver BiDi listening on ws://127.0.0.1:58483
Read port: 57148
1770623871950	RemoteAgent	WARN	TLS certificate errors will be ignored for this session
console.warn: LoginRecipes: "Falling back to a synchronous message for: https://www.saucedemo.com."
JavaScript warning: https://www.saucedemo.com/static/js/main.bcf4bc5f.js, line 2: Script terminated by timeout at:
get@https://www.saucedemo.com/static/js/main.bcf4bc5f.js:2:507285
89083/r/936/t/7429/value/<@https://www.saucedemo.com/static/js/main.bcf4bc5f.js:2:440891

JavaScript error: resource:///modules/sessionstore/SessionStore.sys.mjs, line 2866: NotFoundError: No such JSProcessActor 'DevToolsProcess'
JavaScript error: resource:///modules/sessionstore/SessionStore.sys.mjs, line 2866: NotFoundError: No such JSProcessActor 'DevToolsProcess'
JavaScript error: resource:///modules/sessionstore/SessionStore.sys.mjs, line 2866: NotFoundError: No such JSProcessActor 'DevToolsProcess'
1770623967659	Marionette	INFO	Stopped listening on port 57148
Dynamically enable window occlusion 1
console.warn: TopSitesFeed: Failed to fetch data from MARS server: NetworkError when attempting to fetch resource.
console.error: "Error in worker resource://devtools/client/shared/source-map-loader/worker.js" ": "
