1770622733895	geckodriver	INFO	Listening on 127.0.0.1:50750
1770622737009	mozrunner::runner	INFO	Running command: "C:\\Program Files\\Mozilla Firefox\\firefox.exe" "--marionette" "--remote-debugging-port" "50751" "--remote-allow-hosts" "localhost" "-no-remote" "-profile" "C:\\Users\\HORVAT~1\\AppData\\Local\\Temp\\rust_mozprofileeGQ5Q1"
console.warn: services.settings: Ignoring preference override of remote settings server
console.warn: services.settings: Allow by setting MOZ_REMOTE_SETTINGS_DEVTOOLS=1 in the environment
Dynamically enable window occlusion 0
1770622737311	Marionette	INFO	Marionette enabled
1770622737408	Marionette	INFO	Listening on port 59751
WebDriver BiDi listening on ws://127.0.0.1:50751
Read port: 59751
1770622737506	RemoteAgent	WARN	TLS certificate errors will be ignored for this session
console.warn: LoginRecipes: "Falling back to a synchronous message for: https://www.saucedemo.com."
1770622769781	Marionette	INFO	Stopped listening on port 59751
Dynamically enable window occlusion 1
console.warn: TopSitesFeed: Failed to fetch data from MARS server: NetworkError when attempting to fetch resource.
console.error: services.settings: 
Object
  - prototype Object
    - columnNumber = 11
    - data = null
    - filename = resource://gre/modules/ServiceRequest.sys.mjs
    - lineNumber = 126
    - location = {"name":"open","filename":"resource://gre/modules/ServiceRequest.sys.mjs","sourceId":27,"lineNumber":126,"columnNumber":11,"asyncCause":null,"asyncCaller":null,"caller":{"filename":"resource://services-settings/Utils.sys.mjs","name":"fetch/<","sourceId":26,"lineNumber":273,"columnNumber":15,"asyncCause":null,"asyncCaller":null,"caller":{"filename":"resource://services-settings/Utils.sys.mjs","name":"fetch","sourceId":26,"lineNumber":224,"columnNumber":12,"asyncCause":null,"asyncCaller":null,"caller":{"filename":"resource://services-settings/RemoteSettingsClient.sys.mjs","name":"validateCollectionSignature","sourceId":24,"lineNumber":1103,"columnNumber":49,"asyncCause":null,"asyncCaller":null,"caller":null,"formattedStack":"validateCollectionSignature@resource://services-settings/RemoteSettingsClient.sys.mjs:1103:49\n","nativeSavedFrame":{}},"formattedStack":"fetch@resource://services-settings/Utils.sys.mjs:224:12\nvalidateCollectionSignature@resource://services-settings/RemoteSettingsClient.sys.mjs:1103:49\n","nativeSavedFrame":{}},"formattedStack":"fetch/<@resource://services-settings/Utils.sys.mjs:273:15\nfetch@resource://services-settings/Utils.sys.mjs:224:12\nvalidateCollectionSignature@resource://services-settings/RemoteSettingsClient.sys.mjs:1103:49\n","nativeSavedFrame":{}},"formattedStack":"open@resource://gre/modules/ServiceRequest.sys.mjs:126:11\nfetch/<@resource://services-settings/Utils.sys.mjs:273:15\nfetch@resource://services-settings/Utils.sys.mjs:224:12\nvalidateCollectionSignature@resource://services-settings/RemoteSettingsClient.sys.mjs:1103:49\n","nativeSavedFrame":{}}
    - message = 
    - name = 
    - result = 2152071198
    - stack = open@resource://gre/modules/ServiceRequest.sys.mjs:126:11|fetch/<@resource://services-settings/Utils.sys.mjs:273:15|fetch@resource://services-settings/Utils.sys.mjs:224:12|validateCollectionSignature@resource://services-settings/RemoteSettingsClient.sys.mjs:1103:49|
  - prototype Object
console.warn: services.settings: main/translations-models sync interrupted by shutdown
console.warn: services.settings: main/webcompat-interventions sync interrupted by shutdown
console.warn: services.settings: main/search-telemetry-v2 sync interrupted by shutdown
console.warn: services.settings: main/moz-essential-domain-fallbacks sync interrupted by shutdown
console.warn: services.settings: main/mfcdm-origins-list sync interrupted by shutdown
console.warn: services.settings: main/doh-config sync interrupted by shutdown
console.warn: services.settings: main/fingerprinting-protection-overrides sync interrupted by shutdown
console.error: (new AbortError("IndexedDB: main/translations-wasm getLastModified() IndexedDB:  execute() A request was aborted, for example through a call to IDBTransaction.abort.", "resource://services-settings/IDBHelpers.sys.mjs", 16))
