1770623757563	geckodriver	INFO	Listening on 127.0.0.1:62902
1770623760631	mozrunner::runner	INFO	Running command: "C:\\Program Files\\Mozilla Firefox\\firefox.exe" "--marionette" "--remote-debugging-port" "62903" "--remote-allow-hosts" "localhost" "-no-remote" "-profile" "C:\\Users\\HORVAT~1\\AppData\\Local\\Temp\\rust_mozprofileuGJL2T"
console.warn: services.settings: Ignoring preference override of remote settings server
console.warn: services.settings: Allow by setting MOZ_REMOTE_SETTINGS_DEVTOOLS=1 in the environment
Dynamically enable window occlusion 0
1770623760951	Marionette	INFO	Marionette enabled
1770623761057	Marionette	INFO	Listening on port 53446
WebDriver BiDi listening on ws://127.0.0.1:62903
Read port: 53446
1770623761217	RemoteAgent	WARN	TLS certificate errors will be ignored for this session
console.warn: LoginRecipes: "Falling back to a synchronous message for: https://www.saucedemo.com."
JavaScript warning: https://www.saucedemo.com/static/js/main.bcf4bc5f.js, line 2: Script terminated by timeout at:
get@https://www.saucedemo.com/static/js/main.bcf4bc5f.js:2:507285
89083/r/936/t/7429/value/<@https://www.saucedemo.com/static/js/main.bcf4bc5f.js:2:440891

1770623791404	Marionette	INFO	Stopped listening on port 53446
Dynamically enable window occlusion 1
console.warn: TopSitesFeed: Failed to fetch data from MARS server: NetworkError when attempting to fetch resource.
console.error: (new Error("Polling for changes failed: .", "resource://services-settings/remote-settings.sys.mjs", 482))
JavaScript error: resource://gre/modules/UpdateService.sys.mjs, line 5603: 
1770623791494	addons.xpi	ERROR	System addon update list error [Exception... "<no message>"  nsresult: "0x8046001e (<unknown>)"  location: "JS frame :: resource://gre/modules/ServiceRequest.sys.mjs :: open :: line 126"  data: no]
console.error: Region.sys.mjs: "Error fetching region" (new TypeError("NetworkError when attempting to fetch resource.", ""))
console.error: Region.sys.mjs: "Failed to fetch region" (new Error("NO_RESULT", "resource://gre/modules/Region.sys.mjs", 396))
